[Tue Nov 20 2012 12:05:00 GMT+0800 (SGT)]/
Error: An error for test purposes.
    at module.exports.app.get.res.render.title (/Users/felixqk/node/app/microblog/routes/index.js:14:9)
    at callbacks (/Users/felixqk/node/app/microblog/node_modules/express/lib/router/index.js:160:37)
    at param (/Users/felixqk/node/app/microblog/node_modules/express/lib/router/index.js:134:11)
    at pass (/Users/felixqk/node/app/microblog/node_modules/express/lib/router/index.js:141:5)
    at Router._dispatch (/Users/felixqk/node/app/microblog/node_modules/express/lib/router/index.js:169:5)
    at Object.router (/Users/felixqk/node/app/microblog/node_modules/express/lib/router/index.js:32:10)
    at next (/Users/felixqk/node/app/microblog/node_modules/express/node_modules/connect/lib/proto.js:190:15)
    at Object.handle (/Users/felixqk/node/app/microblog/app.js:57:3)
    at next (/Users/felixqk/node/app/microblog/node_modules/express/node_modules/connect/lib/proto.js:190:15)
    at resume (/Users/felixqk/node/app/microblog/node_modules/express/node_modules/connect/lib/middleware/static.js:60:7)
[Tue Nov 20 2012 12:05:10 GMT+0800 (SGT)]/
Error: An error for test purposes.
    at module.exports.app.get.res.render.title (/Users/felixqk/node/app/microblog/routes/index.js:14:9)
    at callbacks (/Users/felixqk/node/app/microblog/node_modules/express/lib/router/index.js:160:37)
    at param (/Users/felixqk/node/app/microblog/node_modules/express/lib/router/index.js:134:11)
    at pass (/Users/felixqk/node/app/microblog/node_modules/express/lib/router/index.js:141:5)
    at Router._dispatch (/Users/felixqk/node/app/microblog/node_modules/express/lib/router/index.js:169:5)
    at Object.router (/Users/felixqk/node/app/microblog/node_modules/express/lib/router/index.js:32:10)
    at next (/Users/felixqk/node/app/microblog/node_modules/express/node_modules/connect/lib/proto.js:190:15)
    at Object.handle (/Users/felixqk/node/app/microblog/app.js:57:3)
    at next (/Users/felixqk/node/app/microblog/node_modules/express/node_modules/connect/lib/proto.js:190:15)
    at resume (/Users/felixqk/node/app/microblog/node_modules/express/node_modules/connect/lib/middleware/static.js:60:7)
[Tue Nov 20 2012 12:05:55 GMT+0800 (SGT)]/
Error: An error for test purposes.
    at module.exports.app.get.res.render.title (/Users/felixqk/node/app/microblog/routes/index.js:14:9)
    at callbacks (/Users/felixqk/node/app/microblog/node_modules/express/lib/router/index.js:160:37)
    at param (/Users/felixqk/node/app/microblog/node_modules/express/lib/router/index.js:134:11)
    at pass (/Users/felixqk/node/app/microblog/node_modules/express/lib/router/index.js:141:5)
    at Router._dispatch (/Users/felixqk/node/app/microblog/node_modules/express/lib/router/index.js:169:5)
    at Object.router (/Users/felixqk/node/app/microblog/node_modules/express/lib/router/index.js:32:10)
    at next (/Users/felixqk/node/app/microblog/node_modules/express/node_modules/connect/lib/proto.js:190:15)
    at Object.handle (/Users/felixqk/node/app/microblog/app.js:57:3)
    at next (/Users/felixqk/node/app/microblog/node_modules/express/node_modules/connect/lib/proto.js:190:15)
    at next (/Users/felixqk/node/app/microblog/node_modules/express/node_modules/connect/lib/proto.js:192:9)
[Tue Nov 20 2012 12:06:13 GMT+0800 (SGT)]/
Error: An error for test purposes.
    at module.exports.app.get.res.render.title (/Users/felixqk/node/app/microblog/routes/index.js:14:9)
    at callbacks (/Users/felixqk/node/app/microblog/node_modules/express/lib/router/index.js:160:37)
    at param (/Users/felixqk/node/app/microblog/node_modules/express/lib/router/index.js:134:11)
    at pass (/Users/felixqk/node/app/microblog/node_modules/express/lib/router/index.js:141:5)
    at Router._dispatch (/Users/felixqk/node/app/microblog/node_modules/express/lib/router/index.js:169:5)
    at Object.router (/Users/felixqk/node/app/microblog/node_modules/express/lib/router/index.js:32:10)
    at next (/Users/felixqk/node/app/microblog/node_modules/express/node_modules/connect/lib/proto.js:190:15)
    at Object.handle (/Users/felixqk/node/app/microblog/app.js:57:3)
    at next (/Users/felixqk/node/app/microblog/node_modules/express/node_modules/connect/lib/proto.js:190:15)
    at next (/Users/felixqk/node/app/microblog/node_modules/express/node_modules/connect/lib/proto.js:192:9)
[Tue Nov 20 2012 12:06:17 GMT+0800 (SGT)]/
Error: An error for test purposes.
    at module.exports.app.get.res.render.title (/Users/felixqk/node/app/microblog/routes/index.js:14:9)
    at callbacks (/Users/felixqk/node/app/microblog/node_modules/express/lib/router/index.js:160:37)
    at param (/Users/felixqk/node/app/microblog/node_modules/express/lib/router/index.js:134:11)
    at pass (/Users/felixqk/node/app/microblog/node_modules/express/lib/router/index.js:141:5)
    at Router._dispatch (/Users/felixqk/node/app/microblog/node_modules/express/lib/router/index.js:169:5)
    at Object.router (/Users/felixqk/node/app/microblog/node_modules/express/lib/router/index.js:32:10)
    at next (/Users/felixqk/node/app/microblog/node_modules/express/node_modules/connect/lib/proto.js:190:15)
    at Object.handle (/Users/felixqk/node/app/microblog/app.js:57:3)
    at next (/Users/felixqk/node/app/microblog/node_modules/express/node_modules/connect/lib/proto.js:190:15)
    at next (/Users/felixqk/node/app/microblog/node_modules/express/node_modules/connect/lib/proto.js:192:9)
[Tue Nov 20 2012 12:12:06 GMT+0800 (SGT)]/
Error: An error for test purposes.
    at module.exports.app.get.res.render.title (/Users/felixqk/node/app/microblog/routes/index.js:14:9)
    at callbacks (/Users/felixqk/node/app/microblog/node_modules/express/lib/router/index.js:160:37)
    at param (/Users/felixqk/node/app/microblog/node_modules/express/lib/router/index.js:134:11)
    at pass (/Users/felixqk/node/app/microblog/node_modules/express/lib/router/index.js:141:5)
    at Router._dispatch (/Users/felixqk/node/app/microblog/node_modules/express/lib/router/index.js:169:5)
    at Object.router (/Users/felixqk/node/app/microblog/node_modules/express/lib/router/index.js:32:10)
    at next (/Users/felixqk/node/app/microblog/node_modules/express/node_modules/connect/lib/proto.js:190:15)
    at Object.handle (/Users/felixqk/node/app/microblog/app.js:53:3)
    at next (/Users/felixqk/node/app/microblog/node_modules/express/node_modules/connect/lib/proto.js:190:15)
    at resume (/Users/felixqk/node/app/microblog/node_modules/express/node_modules/connect/lib/middleware/static.js:60:7)
[Tue Nov 20 2012 12:12:08 GMT+0800 (SGT)]/
Error: An error for test purposes.
    at module.exports.app.get.res.render.title (/Users/felixqk/node/app/microblog/routes/index.js:14:9)
    at callbacks (/Users/felixqk/node/app/microblog/node_modules/express/lib/router/index.js:160:37)
    at param (/Users/felixqk/node/app/microblog/node_modules/express/lib/router/index.js:134:11)
    at pass (/Users/felixqk/node/app/microblog/node_modules/express/lib/router/index.js:141:5)
    at Router._dispatch (/Users/felixqk/node/app/microblog/node_modules/express/lib/router/index.js:169:5)
    at Object.router (/Users/felixqk/node/app/microblog/node_modules/express/lib/router/index.js:32:10)
    at next (/Users/felixqk/node/app/microblog/node_modules/express/node_modules/connect/lib/proto.js:190:15)
    at Object.handle (/Users/felixqk/node/app/microblog/app.js:53:3)
    at next (/Users/felixqk/node/app/microblog/node_modules/express/node_modules/connect/lib/proto.js:190:15)
    at resume (/Users/felixqk/node/app/microblog/node_modules/express/node_modules/connect/lib/middleware/static.js:60:7)
[Tue Nov 20 2012 12:12:40 GMT+0800 (SGT)]/
Error: An error for test purposes.
    at module.exports.app.get.res.render.title (/Users/felixqk/node/app/microblog/routes/index.js:14:9)
    at callbacks (/Users/felixqk/node/app/microblog/node_modules/express/lib/router/index.js:160:37)
    at param (/Users/felixqk/node/app/microblog/node_modules/express/lib/router/index.js:134:11)
    at pass (/Users/felixqk/node/app/microblog/node_modules/express/lib/router/index.js:141:5)
    at Router._dispatch (/Users/felixqk/node/app/microblog/node_modules/express/lib/router/index.js:169:5)
    at Object.router (/Users/felixqk/node/app/microblog/node_modules/express/lib/router/index.js:32:10)
    at next (/Users/felixqk/node/app/microblog/node_modules/express/node_modules/connect/lib/proto.js:190:15)
    at Object.handle (/Users/felixqk/node/app/microblog/app.js:53:3)
    at next (/Users/felixqk/node/app/microblog/node_modules/express/node_modules/connect/lib/proto.js:190:15)
    at resume (/Users/felixqk/node/app/microblog/node_modules/express/node_modules/connect/lib/middleware/static.js:60:7)
